<?xml version="1.0" encoding="UTF-8"?>
<testsuite xmlns:xsi="http://www.w3.org/2001/XMLSchema-instance" xsi:noNamespaceSchemaLocation="https://maven.apache.org/surefire/maven-surefire-plugin/xsd/surefire-test-report-3.0.xsd" version="3.0" name="com.btg.fondos.controllerTest.ClienteControllerTest" time="0.088" tests="6" errors="0" skipped="0" failures="0">
  <properties>
[...]
</properties>
  <testcase name="testEliminarCliente" classname="com.btg.fondos.controllerTest.ClienteControllerTest" time="0.074"/>
  <testcase name="testCrearCliente" classname="com.btg.fondos.controllerTest.ClienteControllerTest" time="0.002"/>
  <testcase name="testObtenerPorId" classname="com.btg.fondos.controllerTest.ClienteControllerTest" time="0.002"/>
  <testcase name="testObtenerTodos" classname="com.btg.fondos.controllerTest.ClienteControllerTest" time="0.002"/>
  <testcase name="testObtenerPorId_NotFound" classname="com.btg.fondos.controllerTest.ClienteControllerTest" time="0.002"/>
  <testcase name="testActualizarCliente" classname="com.btg.fondos.controllerTest.ClienteControllerTest" time="0.001"/>
</testsuite>